# JRE version: Java(TM) SE Runtime Environment (8.0_101-b13) (build 1.8.0_101-b13)
# Java VM: Java HotSpot(TM) 64-Bit Server VM (25.101-b13 mixed mode linux-amd64 compressed oops)
Heap:
 PSYoungGen      total 129536K, used 8183K [0x00000000ecf80000, 0x00000000f5780000, 0x0000000100000000)
  eden space 121344K, 0% used [0x00000000ecf80000,0x00000000ecf80000,0x00000000f4600000)
  from space 8192K, 99% used [0x00000000f4600000,0x00000000f4dfdf78,0x00000000f4e00000)
  to   space 6656K, 0% used [0x00000000f4e00000,0x00000000f4e00000,0x00000000f5480000)
 ParOldGen       total 39936K, used 19273K [0x00000000c6e00000, 0x00000000c9500000, 0x00000000ecf80000)
  object space 39936K, 48% used [0x00000000c6e00000,0x00000000c80d26d8,0x00000000c9500000)
 Metaspace       used 20519K, capacity 21166K, committed 21296K, reserved 1069056K
  class space    used 2435K, capacity 2632K, committed 2688K, reserved 1048576K
GC Heap History (10 events):
Event: 5,028 GC heap after
Heap after GC invocations=4 (full 0):
 PSYoungGen      total 32768K, used 2048K [0x00000000ecf80000, 0x00000000ef180000, 0x0000000100000000)
  eden space 30720K, 0% used [0x00000000ecf80000,0x00000000ecf80000,0x00000000eed80000)
  from space 2048K, 100% used [0x00000000eef80000,0x00000000ef180000,0x00000000ef180000)
  to   space 2048K, 0% used [0x00000000eed80000,0x00000000eed80000,0x00000000eef80000)
 ParOldGen       total 39936K, used 5849K [0x00000000c6e00000, 0x00000000c9500000, 0x00000000ecf80000)
  object space 39936K, 14% used [0x00000000c6e00000,0x00000000c73b67f8,0x00000000c9500000)
 Metaspace       used 12437K, capacity 12782K, committed 12928K, reserved 1060864K
  class space    used 1542K, capacity 1657K, committed 1664K, reserved 1048576K
}
Event: 6,661 GC heap before
{Heap before GC invocations=5 (full 0):
 PSYoungGen      total 32768K, used 32768K [0x00000000ecf80000, 0x00000000ef180000, 0x0000000100000000)
  eden space 30720K, 100% used [0x00000000ecf80000,0x00000000eed80000,0x00000000eed80000)
  from space 2048K, 100% used [0x00000000eef80000,0x00000000ef180000,0x00000000ef180000)
  to   space 2048K, 0% used [0x00000000eed80000,0x00000000eed80000,0x00000000eef80000)
 ParOldGen       total 39936K, used 5849K [0x00000000c6e00000, 0x00000000c9500000, 0x00000000ecf80000)
  object space 39936K, 14% used [0x00000000c6e00000,0x00000000c73b67f8,0x00000000c9500000)
 Metaspace       used 13325K, capacity 13674K, committed 13824K, reserved 1060864K
  class space    used 1620K, capacity 1697K, committed 1792K, reserved 1048576K
Event: 6,680 GC heap after
Heap after GC invocations=5 (full 0):
 PSYoungGen      total 32768K, used 2016K [0x00000000ecf80000, 0x00000000f1680000, 0x0000000100000000)
  eden space 30720K, 0% used [0x00000000ecf80000,0x00000000ecf80000,0x00000000eed80000)
  from space 2048K, 98% used [0x00000000eed80000,0x00000000eef78020,0x00000000eef80000)
  to   space 5632K, 0% used [0x00000000f1100000,0x00000000f1100000,0x00000000f1680000)
 ParOldGen       total 39936K, used 8447K [0x00000000c6e00000, 0x00000000c9500000, 0x00000000ecf80000)
  object space 39936K, 21% used [0x00000000c6e00000,0x00000000c763fcd0,0x00000000c9500000)
 Metaspace       used 13325K, capacity 13674K, committed 13824K, reserved 1060864K
  class space    used 1620K, capacity 1697K, committed 1792K, reserved 1048576K
}
Event: 8,319 GC heap before
{Heap before GC invocations=6 (full 0):
 PSYoungGen      total 32768K, used 32736K [0x00000000ecf80000, 0x00000000f1680000, 0x0000000100000000)
  eden space 30720K, 100% used [0x00000000ecf80000,0x00000000eed80000,0x00000000eed80000)
  from space 2048K, 98% used [0x00000000eed80000,0x00000000eef78020,0x00000000eef80000)
  to   space 5632K, 0% used [0x00000000f1100000,0x00000000f1100000,0x00000000f1680000)
 ParOldGen       total 39936K, used 8447K [0x00000000c6e00000, 0x00000000c9500000, 0x00000000ecf80000)
  object space 39936K, 21% used [0x00000000c6e00000,0x00000000c763fcd0,0x00000000c9500000)
 Metaspace       used 13652K, capacity 14012K, committed 14080K, reserved 1060864K
  class space    used 1641K, capacity 1764K, committed 1792K, reserved 1048576K
Event: 8,353 GC heap after
Heap after GC invocations=6 (full 0):
 PSYoungGen      total 67072K, used 3552K [0x00000000ecf80000, 0x00000000f1680000, 0x0000000100000000)
  eden space 61440K, 0% used [0x00000000ecf80000,0x00000000ecf80000,0x00000000f0b80000)
  from space 5632K, 63% used [0x00000000f1100000,0x00000000f1478040,0x00000000f1680000)
  to   space 5632K, 0% used [0x00000000f0b80000,0x00000000f0b80000,0x00000000f1100000)
 ParOldGen       total 39936K, used 8455K [0x00000000c6e00000, 0x00000000c9500000, 0x00000000ecf80000)
  object space 39936K, 21% used [0x00000000c6e00000,0x00000000c7641cd0,0x00000000c9500000)
 Metaspace       used 13652K, capacity 14012K, committed 14080K, reserved 1060864K
  class space    used 1641K, capacity 1764K, committed 1792K, reserved 1048576K
}
Event: 13,636 GC heap before
{Heap before GC invocations=7 (full 0):
 PSYoungGen      total 67072K, used 64992K [0x00000000ecf80000, 0x00000000f1680000, 0x0000000100000000)
  eden space 61440K, 100% used [0x00000000ecf80000,0x00000000f0b80000,0x00000000f0b80000)
  from space 5632K, 63% used [0x00000000f1100000,0x00000000f1478040,0x00000000f1680000)
  to   space 5632K, 0% used [0x00000000f0b80000,0x00000000f0b80000,0x00000000f1100000)
 ParOldGen       total 39936K, used 8455K [0x00000000c6e00000, 0x00000000c9500000, 0x00000000ecf80000)
  object space 39936K, 21% used [0x00000000c6e00000,0x00000000c7641cd0,0x00000000c9500000)
 Metaspace       used 14310K, capacity 14720K, committed 14976K, reserved 1062912K
  class space    used 1693K, capacity 1806K, committed 1920K, reserved 1048576K
Event: 13,657 GC heap after
Heap after GC invocations=7 (full 0):
 PSYoungGen      total 67072K, used 5632K [0x00000000ecf80000, 0x00000000f5480000, 0x0000000100000000)
  eden space 61440K, 0% used [0x00000000ecf80000,0x00000000ecf80000,0x00000000f0b80000)
  from space 5632K, 100% used [0x00000000f0b80000,0x00000000f1100000,0x00000000f1100000)
  to   space 6656K, 0% used [0x00000000f4e00000,0x00000000f4e00000,0x00000000f5480000)
 ParOldGen       total 39936K, used 9240K [0x00000000c6e00000, 0x00000000c9500000, 0x00000000ecf80000)
  object space 39936K, 23% used [0x00000000c6e00000,0x00000000c7706300,0x00000000c9500000)
 Metaspace       used 14310K, capacity 14720K, committed 14976K, reserved 1062912K
  class space    used 1693K, capacity 1806K, committed 1920K, reserved 1048576K
}
Event: 19,501 GC heap before
{Heap before GC invocations=8 (full 0):
 PSYoungGen      total 67072K, used 67063K [0x00000000ecf80000, 0x00000000f5480000, 0x0000000100000000)
  eden space 61440K, 99% used [0x00000000ecf80000,0x00000000f0b7df28,0x00000000f0b80000)
  from space 5632K, 100% used [0x00000000f0b80000,0x00000000f1100000,0x00000000f1100000)
  to   space 6656K, 0% used [0x00000000f4e00000,0x00000000f4e00000,0x00000000f5480000)
 ParOldGen       total 39936K, used 9240K [0x00000000c6e00000, 0x00000000c9500000, 0x00000000ecf80000)
  object space 39936K, 23% used [0x00000000c6e00000,0x00000000c7706300,0x00000000c9500000)
 Metaspace       used 18822K, capacity 19324K, committed 19584K, reserved 1067008K
  class space    used 2262K, capacity 2406K, committed 2432K, reserved 1048576K
Event: 19,533 GC heap after
Heap after GC invocations=8 (full 0):
 PSYoungGen      total 128000K, used 6654K [0x00000000ecf80000, 0x00000000f5780000, 0x0000000100000000)
  eden space 121344K, 0% used [0x00000000ecf80000,0x00000000ecf80000,0x00000000f4600000)
  from space 6656K, 99% used [0x00000000f4e00000,0x00000000f547fa60,0x00000000f5480000)
  to   space 8192K, 0% used [0x00000000f4600000,0x00000000f4600000,0x00000000f4e00000)
 ParOldGen       total 39936K, used 11115K [0x00000000c6e00000, 0x00000000c9500000, 0x00000000ecf80000)
  object space 39936K, 27% used [0x00000000c6e00000,0x00000000c78daf38,0x00000000c9500000)
 Metaspace       used 18822K, capacity 19324K, committed 19584K, reserved 1067008K
  class space    used 2262K, capacity 2406K, committed 2432K, reserved 1048576K
}
Event: 22,902 GC heap before
{Heap before GC invocations=9 (full 0):
 PSYoungGen      total 128000K, used 71425K [0x00000000ecf80000, 0x00000000f5780000, 0x0000000100000000)
  eden space 121344K, 53% used [0x00000000ecf80000,0x00000000f0ec0bd0,0x00000000f4600000)
  from space 6656K, 99% used [0x00000000f4e00000,0x00000000f547fa60,0x00000000f5480000)
  to   space 8192K, 0% used [0x00000000f4600000,0x00000000f4600000,0x00000000f4e00000)
 ParOldGen       total 39936K, used 11115K [0x00000000c6e00000, 0x00000000c9500000, 0x00000000ecf80000)
  object space 39936K, 27% used [0x00000000c6e00000,0x00000000c78daf38,0x00000000c9500000)
 Metaspace       used 20519K, capacity 21166K, committed 21296K, reserved 1069056K
  class space    used 2435K, capacity 2632K, committed 2688K, reserved 1048576K

